<?xml version="1.0" encoding="UTF-8" ?>
<testsuite failures="0" time="0.006" errors="0" skipped="0" tests="43" name="step_definitions.RunCukesTest">
  <properties>
    <property name="java.runtime.name" value="Java(TM) SE Runtime Environment"/>
    <property name="sun.boot.library.path" value="C:\Java\jdk1.7.0_75\jre\bin"/>
    <property name="java.vm.version" value="24.75-b04"/>
    <property name="java.vm.vendor" value="Oracle Corporation"/>
    <property name="maven.multiModuleProjectDirectory" value="D:\eclipse4\WS_Weatherapp\project"/>
    <property name="java.vendor.url" value="http://java.oracle.com/"/>
    <property name="path.separator" value=";"/>
    <property name="guice.disable.misplaced.annotation.check" value="true"/>
    <property name="java.vm.name" value="Java HotSpot(TM) Client VM"/>
    <property name="file.encoding.pkg" value="sun.io"/>
    <property name="user.script" value=""/>
    <property name="user.country" value="US"/>
    <property name="sun.java.launcher" value="SUN_STANDARD"/>
    <property name="sun.os.patch.level" value=""/>
    <property name="java.vm.specification.name" value="Java Virtual Machine Specification"/>
    <property name="user.dir" value="D:\eclipse4\WS_Weatherapp\project"/>
    <property name="java.runtime.version" value="1.7.0_75-b13"/>
    <property name="java.awt.graphicsenv" value="sun.awt.Win32GraphicsEnvironment"/>
    <property name="java.endorsed.dirs" value="C:\Java\jdk1.7.0_75\jre\lib\endorsed"/>
    <property name="os.arch" value="x86"/>
    <property name="java.io.tmpdir" value="C:\Users\LEON~1.MUR\AppData\Local\Temp\"/>
    <property name="line.separator" value="
"/>
    <property name="java.vm.specification.vendor" value="Oracle Corporation"/>
    <property name="user.variant" value=""/>
    <property name="os.name" value="Windows 8.1"/>
    <property name="classworlds.conf" value="D:\eclipse4\WS_Weatherapp\.metadata\.plugins\org.eclipse.m2e.launching\launches\m2conf2598275531050270973.tmp"/>
    <property name="sun.jnu.encoding" value="Cp1252"/>
    <property name="java.library.path" value="C:\Java\jdk1.7.0_75\bin;C:\Windows\Sun\Java\bin;C:\Windows\system32;C:\Windows;C:/Program Files/Java/jre1.8.0_45/bin/server;C:/Program Files/Java/jre1.8.0_45/bin;C:/Program Files/Java/jre1.8.0_45/lib/amd64;C:\ProgramData\Oracle\Java\javapath;C:\Program Files (x86)\Intel\iCLS Client\;C:\Program Files\Intel\iCLS Client\;C:\Windows\system32;C:\Windows;C:\Windows\System32\Wbem;C:\Windows\System32\WindowsPowerShell\v1.0\;C:\Program Files\Intel\Intel(R) Management Engine Components\DAL;C:\Program Files (x86)\Intel\Intel(R) Management Engine Components\DAL;C:\Program Files\Intel\Intel(R) Management Engine Components\IPT;C:\Program Files (x86)\Intel\Intel(R) Management Engine Components\IPT;C:\Program Files\TortoiseSVN\bin;C:\Java\jdk1.7.0_75\bin;C:\Program Files (x86)\WinAnt\bin;D:\eclipse4\eclipse;;."/>
    <property name="java.specification.name" value="Java Platform API Specification"/>
    <property name="java.class.version" value="51.0"/>
    <property name="sun.management.compiler" value="HotSpot Client Compiler"/>
    <property name="os.version" value="6.3"/>
    <property name="user.home" value="C:\Users\leon.muro"/>
    <property name="user.timezone" value="America/New_York"/>
    <property name="java.awt.printerjob" value="sun.awt.windows.WPrinterJob"/>
    <property name="java.specification.version" value="1.7"/>
    <property name="file.encoding" value="Cp1252"/>
    <property name="user.name" value="Leon.Muro"/>
    <property name="java.class.path" value="/C:/Users/leon.muro/.p2/pool/plugins/org.eclipse.m2e.maven.runtime_1.6.2.20150902-0001/jars/plexus-classworlds-2.5.2.jar"/>
    <property name="java.vm.specification.version" value="1.7"/>
    <property name="sun.arch.data.model" value="32"/>
    <property name="java.home" value="C:\Java\jdk1.7.0_75\jre"/>
    <property name="sun.java.command" value="org.codehaus.plexus.classworlds.launcher.Launcher -B test"/>
    <property name="java.specification.vendor" value="Oracle Corporation"/>
    <property name="user.language" value="en"/>
    <property name="awt.toolkit" value="sun.awt.windows.WToolkit"/>
    <property name="java.vm.info" value="mixed mode"/>
    <property name="java.version" value="1.7.0_75"/>
    <property name="java.ext.dirs" value="C:\Java\jdk1.7.0_75\jre\lib\ext;C:\Windows\Sun\Java\lib\ext"/>
    <property name="sun.boot.class.path" value="C:\Java\jdk1.7.0_75\jre\lib\resources.jar;C:\Java\jdk1.7.0_75\jre\lib\rt.jar;C:\Java\jdk1.7.0_75\jre\lib\sunrsasign.jar;C:\Java\jdk1.7.0_75\jre\lib\jsse.jar;C:\Java\jdk1.7.0_75\jre\lib\jce.jar;C:\Java\jdk1.7.0_75\jre\lib\charsets.jar;C:\Java\jdk1.7.0_75\jre\lib\jfr.jar;C:\Java\jdk1.7.0_75\jre\classes"/>
    <property name="java.vendor" value="Oracle Corporation"/>
    <property name="maven.home" value="D:\eclipse4\WS_Weatherapp\project\EMBEDDED"/>
    <property name="file.separator" value="\"/>
    <property name="java.vendor.url.bug" value="http://bugreport.sun.com/bugreport/"/>
    <property name="sun.cpu.endian" value="little"/>
    <property name="sun.io.unicode.encoding" value="UnicodeLittle"/>
    <property name="sun.desktop" value="windows"/>
    <property name="sun.cpu.isalist" value="pentium_pro+mmx pentium_pro pentium+mmx pentium i486 i386 i86"/>
  </properties>
  <testcase time="0.004" classname="Scenario: Check the page title for Home Page" name="Given I am on openweathermap current page"/>
  <testcase time="0" classname="Scenario: Check the page title for Home Page" name="When I navigate to &quot;Find your city&quot;"/>
  <testcase time="0.001" classname="Scenario: Check the page title for Home Page" name="Then I check the page title is &quot;find&quot;"/>
  <testcase time="0" classname="Scenario: Check the page title for Home Page" name="And I close the browser"/>
  <testcase time="0" classname="Scenario: Check the page title for Home Page" name="Scenario: Check the page title for Home Page"/>
  <testcase time="0" classname="Scenario: Check the page title for Weather Page" name="Given I am on openweathermap current page"/>
  <testcase time="0" classname="Scenario: Check the page title for Weather Page" name="When I navigate to &quot;Examples of OpenWeatherMap weather map layers&quot;"/>
  <testcase time="0" classname="Scenario: Check the page title for Weather Page" name="Then I check the page title is &quot;Web maps&quot;"/>
  <testcase time="0" classname="Scenario: Check the page title for Weather Page" name="And I close the browser"/>
  <testcase time="0" classname="Scenario: Check the page title for Weather Page" name="Scenario: Check the page title for Weather Page"/>
  <testcase time="0" classname="Scenario: Check the page title for API Page" name="Given I am on openweathermap current page"/>
  <testcase time="0" classname="Scenario: Check the page title for API Page" name="When I navigate to &quot;How to connect your weather station&quot;"/>
  <testcase time="0" classname="Scenario: Check the page title for API Page" name="Then I check the page title is &quot;stations&quot;"/>
  <testcase time="0" classname="Scenario: Check the page title for API Page" name="And I close the browser"/>
  <testcase time="0" classname="Scenario: Check the page title for API Page" name="Scenario: Check the page title for API Page"/>
  <testcase time="0" classname="Scenario: Check the page title for Price Page" name="Given I am on openweathermap current page"/>
  <testcase time="0" classname="Scenario: Check the page title for Price Page" name="When I navigate to &quot;Price of service and support&quot;"/>
  <testcase time="0" classname="Scenario: Check the page title for Price Page" name="Then I check the page title is &quot;Weather API Price-list&quot;"/>
  <testcase time="0" classname="Scenario: Check the page title for Price Page" name="And I close the browser"/>
  <testcase time="0" classname="Scenario: Check the page title for Price Page" name="Scenario: Check the page title for Price Page"/>
  <testcase time="0" classname="Scenario: Check the page title for Stations Page" name="Given I am on openweathermap current page"/>
  <testcase time="0" classname="Scenario: Check the page title for Stations Page" name="When I navigate to &quot;OpenWeatherMap technology&quot;"/>
  <testcase time="0" classname="Scenario: Check the page title for Stations Page" name="Then I check the page title is &quot;Technology&quot;"/>
  <testcase time="0" classname="Scenario: Check the page title for Stations Page" name="And I close the browser"/>
  <testcase time="0" classname="Scenario: Check the page title for Stations Page" name="Scenario: Check the page title for Stations Page"/>
  <testcase time="0" classname="Scenario: Check the page title for News Page" name="Given I am on openweathermap current page"/>
  <testcase time="0" classname="Scenario: Check the page title for News Page" name="When I navigate to &quot;Terms of Service&quot;"/>
  <testcase time="0.001" classname="Scenario: Check the page title for News Page" name="Then I check the page title is &quot;Terms&quot;"/>
  <testcase time="0" classname="Scenario: Check the page title for News Page" name="And I close the browser"/>
  <testcase time="0" classname="Scenario: Check the page title for News Page" name="Scenario: Check the page title for News Page"/>
  <testcase time="0" classname="Scenario: Navigate to Sign Up page" name="Given user is on openweathermap current page"/>
  <testcase time="0" classname="Scenario: Navigate to Sign Up page" name="When user clicks on Sign Up link"/>
  <testcase time="0" classname="Scenario: Navigate to Sign Up page" name="Then Create New Account page is displayed"/>
  <testcase time="0" classname="Scenario: Navigate to Sign Up page" name="Scenario: Navigate to Sign Up page"/>
  <testcase time="0" classname="Scenario: Submit form using valid data" name="Given user is on openweathermap current page"/>
  <testcase time="0" classname="Scenario: Submit form using valid data" name="When user clicks on Sign Up link"/>
  <testcase time="0" classname="Scenario: Submit form using valid data" name="And I submit the form with valid data"/>
  <testcase time="0" classname="Scenario: Submit form using valid data" name="Then I check that the form has been submitted"/>
  <testcase time="0" classname="Scenario: Submit form using valid data" name="Scenario: Submit form using valid data"/>
  <testcase time="0" classname="Scenario: Form data is wrong, new account can&apos;t be created" name="Given user is on SignUp page"/>
  <testcase time="0" classname="Scenario: Form data is wrong, new account can&apos;t be created" name="When user submits the form with blank data"/>
  <testcase time="0" classname="Scenario: Form data is wrong, new account can&apos;t be created" name="Then error messages are displayed correctly"/>
  <testcase time="0" classname="Scenario: Form data is wrong, new account can&apos;t be created" name="Scenario: Form data is wrong, new account can&apos;t be created"/>
</testsuite>